2022-09-22 14:52:34 | [run_VPG_opt] Logging to /home/lw/shanshu/DRSOM-based-Policy-Gradient/data/local/experiment/run_VPG_opt_43
2022-09-22 14:52:36 | [run_VPG_opt] Obtaining samples...
2022-09-22 14:52:42 | [run_VPG_opt] epoch #0 | Saving snapshot...
2022-09-22 14:52:42 | [run_VPG_opt] epoch #0 | Saved
2022-09-22 14:52:42 | [run_VPG_opt] epoch #0 | Time 5.99 s
2022-09-22 14:52:42 | [run_VPG_opt] epoch #0 | EpochTime 5.99 s
----------------------------------  ---------
Evaluation/AverageDiscountedReturn    48.2446
Evaluation/AverageReturn              49.4346
Evaluation/Iteration                   0
Evaluation/MaxReturn                 109.446
Evaluation/MinReturn                  26.7837
Evaluation/NumEpisodes               734
Evaluation/StdReturn                  15.2152
Evaluation/TerminationRate             1
TotalEnvSteps                       4006
----------------------------------  ---------
2022-09-22 14:52:47 | [run_VPG_opt] epoch #1 | Saving snapshot...
2022-09-22 14:52:47 | [run_VPG_opt] epoch #1 | Saved
2022-09-22 14:52:47 | [run_VPG_opt] epoch #1 | Time 11.14 s
2022-09-22 14:52:47 | [run_VPG_opt] epoch #1 | EpochTime 5.14 s
----------------------------------  ---------
Evaluation/AverageDiscountedReturn    52.1671
Evaluation/AverageReturn              53.6056
Evaluation/Iteration                   1
Evaluation/MaxReturn                 120.114
Evaluation/MinReturn                  26.8021
Evaluation/NumEpisodes               677
Evaluation/StdReturn                  17.7274
Evaluation/TerminationRate             1
TotalEnvSteps                       8007
----------------------------------  ---------
2022-09-22 14:52:52 | [run_VPG_opt] epoch #2 | Saving snapshot...
2022-09-22 14:52:52 | [run_VPG_opt] epoch #2 | Saved
2022-09-22 14:52:52 | [run_VPG_opt] epoch #2 | Time 16.22 s
2022-09-22 14:52:52 | [run_VPG_opt] epoch #2 | EpochTime 5.08 s
----------------------------------  ----------
Evaluation/AverageDiscountedReturn     53.3006
Evaluation/AverageReturn               54.8117
Evaluation/Iteration                    2
Evaluation/MaxReturn                  119.36
Evaluation/MinReturn                   26.762
Evaluation/NumEpisodes                663
Evaluation/StdReturn                   18.268
Evaluation/TerminationRate              1
TotalEnvSteps                       12010
----------------------------------  ----------
2022-09-22 14:52:57 | [run_VPG_opt] epoch #3 | Saving snapshot...
2022-09-22 14:52:57 | [run_VPG_opt] epoch #3 | Saved
2022-09-22 14:52:57 | [run_VPG_opt] epoch #3 | Time 21.22 s
2022-09-22 14:52:57 | [run_VPG_opt] epoch #3 | EpochTime 4.99 s
----------------------------------  ----------
Evaluation/AverageDiscountedReturn     56.0038
Evaluation/AverageReturn               57.7139
Evaluation/Iteration                    3
Evaluation/MaxReturn                  175.64
Evaluation/MinReturn                   26.7779
Evaluation/NumEpisodes                630
Evaluation/StdReturn                   20.4468
Evaluation/TerminationRate              1
TotalEnvSteps                       16010
----------------------------------  ----------
2022-09-22 14:53:02 | [run_VPG_opt] epoch #4 | Saving snapshot...
2022-09-22 14:53:02 | [run_VPG_opt] epoch #4 | Saved
2022-09-22 14:53:02 | [run_VPG_opt] epoch #4 | Time 26.09 s
2022-09-22 14:53:02 | [run_VPG_opt] epoch #4 | EpochTime 4.87 s
----------------------------------  ----------
Evaluation/AverageDiscountedReturn     57.6873
Evaluation/AverageReturn               59.4749
Evaluation/Iteration                    4
Evaluation/MaxReturn                  138.786
Evaluation/MinReturn                   26.8197
Evaluation/NumEpisodes                613
Evaluation/StdReturn                   19.2756
Evaluation/TerminationRate              1
TotalEnvSteps                       20020
----------------------------------  ----------
2022-09-22 14:53:07 | [run_VPG_opt] epoch #5 | Saving snapshot...
2022-09-22 14:53:07 | [run_VPG_opt] epoch #5 | Saved
2022-09-22 14:53:07 | [run_VPG_opt] epoch #5 | Time 30.88 s
2022-09-22 14:53:07 | [run_VPG_opt] epoch #5 | EpochTime 4.79 s
----------------------------------  ----------
Evaluation/AverageDiscountedReturn     60.1578
Evaluation/AverageReturn               62.1174
Evaluation/Iteration                    5
Evaluation/MaxReturn                  156.292
Evaluation/MinReturn                   26.9011
Evaluation/NumEpisodes                587
Evaluation/StdReturn                   20.1397
Evaluation/TerminationRate              1
TotalEnvSteps                       24025
----------------------------------  ----------
