2022-09-22 14:40:58 | [run_VPG_opt] Logging to /home/lw/shanshu/DRSOM-based-Policy-Gradient/data/local/experiment/run_VPG_opt_37
2022-09-22 14:41:00 | [run_VPG_opt] Obtaining samples...
2022-09-22 14:41:06 | [run_VPG_opt] epoch #0 | Saving snapshot...
2022-09-22 14:41:06 | [run_VPG_opt] epoch #0 | Saved
2022-09-22 14:41:06 | [run_VPG_opt] epoch #0 | Time 5.97 s
2022-09-22 14:41:06 | [run_VPG_opt] epoch #0 | EpochTime 5.97 s
----------------------------------  ---------
Evaluation/AverageDiscountedReturn    46.6693
Evaluation/AverageReturn              47.7814
Evaluation/Iteration                   0
Evaluation/MaxReturn                 119.238
Evaluation/MinReturn                  26.7778
Evaluation/NumEpisodes               758
Evaluation/StdReturn                  15.1307
Evaluation/TerminationRate             1
TotalEnvSteps                       4003
----------------------------------  ---------
2022-09-22 14:41:11 | [run_VPG_opt] epoch #1 | Saving snapshot...
2022-09-22 14:41:11 | [run_VPG_opt] epoch #1 | Saved
2022-09-22 14:41:11 | [run_VPG_opt] epoch #1 | Time 11.14 s
2022-09-22 14:41:11 | [run_VPG_opt] epoch #1 | EpochTime 5.17 s
----------------------------------  ---------
Evaluation/AverageDiscountedReturn    49.395
Evaluation/AverageReturn              50.6561
Evaluation/Iteration                   1
Evaluation/MaxReturn                 119.12
Evaluation/MinReturn                  26.8264
Evaluation/NumEpisodes               716
Evaluation/StdReturn                  15.9909
Evaluation/TerminationRate             1
TotalEnvSteps                       8006
----------------------------------  ---------
2022-09-22 14:41:16 | [run_VPG_opt] epoch #2 | Saving snapshot...
2022-09-22 14:41:16 | [run_VPG_opt] epoch #2 | Saved
2022-09-22 14:41:16 | [run_VPG_opt] epoch #2 | Time 16.15 s
2022-09-22 14:41:16 | [run_VPG_opt] epoch #2 | EpochTime 5.01 s
----------------------------------  ----------
Evaluation/AverageDiscountedReturn     52.996
Evaluation/AverageReturn               54.5127
Evaluation/Iteration                    2
Evaluation/MaxReturn                  157.136
Evaluation/MinReturn                   26.7342
Evaluation/NumEpisodes                666
Evaluation/StdReturn                   19.4162
Evaluation/TerminationRate              1
TotalEnvSteps                       12006
----------------------------------  ----------
2022-09-22 14:41:21 | [run_VPG_opt] epoch #3 | Saving snapshot...
2022-09-22 14:41:21 | [run_VPG_opt] epoch #3 | Saved
2022-09-22 14:41:21 | [run_VPG_opt] epoch #3 | Time 21.14 s
2022-09-22 14:41:21 | [run_VPG_opt] epoch #3 | EpochTime 4.99 s
----------------------------------  ----------
Evaluation/AverageDiscountedReturn     53.7009
Evaluation/AverageReturn               55.2295
Evaluation/Iteration                    3
Evaluation/MaxReturn                  138.907
Evaluation/MinReturn                   26.8001
Evaluation/NumEpisodes                659
Evaluation/StdReturn                   18.0453
Evaluation/TerminationRate              1
TotalEnvSteps                       16013
----------------------------------  ----------
2022-09-22 14:41:26 | [run_VPG_opt] epoch #4 | Saving snapshot...
2022-09-22 14:41:26 | [run_VPG_opt] epoch #4 | Saved
2022-09-22 14:41:26 | [run_VPG_opt] epoch #4 | Time 26.11 s
2022-09-22 14:41:26 | [run_VPG_opt] epoch #4 | EpochTime 4.97 s
----------------------------------  ----------
Evaluation/AverageDiscountedReturn     54.3353
Evaluation/AverageReturn               55.9118
Evaluation/Iteration                    4
Evaluation/MaxReturn                  147.525
Evaluation/MinReturn                   26.8113
Evaluation/NumEpisodes                651
Evaluation/StdReturn                   18.6238
Evaluation/TerminationRate              1
TotalEnvSteps                       20021
----------------------------------  ----------
2022-09-22 14:41:31 | [run_VPG_opt] epoch #5 | Saving snapshot...
2022-09-22 14:41:31 | [run_VPG_opt] epoch #5 | Saved
2022-09-22 14:41:31 | [run_VPG_opt] epoch #5 | Time 31.09 s
2022-09-22 14:41:31 | [run_VPG_opt] epoch #5 | EpochTime 4.97 s
----------------------------------  ----------
Evaluation/AverageDiscountedReturn     55.9503
Evaluation/AverageReturn               57.6624
Evaluation/Iteration                    5
Evaluation/MaxReturn                  156.803
Evaluation/MinReturn                   26.8482
Evaluation/NumEpisodes                631
Evaluation/StdReturn                   20.666
Evaluation/TerminationRate              1
TotalEnvSteps                       24023
----------------------------------  ----------
2022-09-22 14:41:36 | [run_VPG_opt] epoch #6 | Saving snapshot...
2022-09-22 14:41:36 | [run_VPG_opt] epoch #6 | Saved
2022-09-22 14:41:36 | [run_VPG_opt] epoch #6 | Time 35.94 s
2022-09-22 14:41:36 | [run_VPG_opt] epoch #6 | EpochTime 4.86 s
----------------------------------  ----------
Evaluation/AverageDiscountedReturn     57.584
Evaluation/AverageReturn               59.3906
Evaluation/Iteration                    6
Evaluation/MaxReturn                  156.433
Evaluation/MinReturn                   26.8108
Evaluation/NumEpisodes                613
Evaluation/StdReturn                   20.502
Evaluation/TerminationRate              1
TotalEnvSteps                       28025
----------------------------------  ----------
2022-09-22 14:41:40 | [run_VPG_opt] epoch #7 | Saving snapshot...
2022-09-22 14:41:40 | [run_VPG_opt] epoch #7 | Saved
2022-09-22 14:41:40 | [run_VPG_opt] epoch #7 | Time 40.72 s
2022-09-22 14:41:40 | [run_VPG_opt] epoch #7 | EpochTime 4.77 s
----------------------------------  ----------
Evaluation/AverageDiscountedReturn     58.7511
Evaluation/AverageReturn               60.6233
Evaluation/Iteration                    7
Evaluation/MaxReturn                  146.973
Evaluation/MinReturn                   26.8327
Evaluation/NumEpisodes                601
Evaluation/StdReturn                   20.1989
Evaluation/TerminationRate              1
TotalEnvSteps                       32029
----------------------------------  ----------
2022-09-22 14:41:45 | [run_VPG_opt] epoch #8 | Saving snapshot...
2022-09-22 14:41:45 | [run_VPG_opt] epoch #8 | Saved
2022-09-22 14:41:45 | [run_VPG_opt] epoch #8 | Time 45.53 s
2022-09-22 14:41:45 | [run_VPG_opt] epoch #8 | EpochTime 4.81 s
----------------------------------  ----------
Evaluation/AverageDiscountedReturn     59.025
Evaluation/AverageReturn               60.917
Evaluation/Iteration                    8
Evaluation/MaxReturn                  129.546
Evaluation/MinReturn                   26.8009
Evaluation/NumEpisodes                598
Evaluation/StdReturn                   20.3058
Evaluation/TerminationRate              1
TotalEnvSteps                       36033
----------------------------------  ----------
2022-09-22 14:41:50 | [run_VPG_opt] epoch #9 | Saving snapshot...
2022-09-22 14:41:50 | [run_VPG_opt] epoch #9 | Saved
2022-09-22 14:41:50 | [run_VPG_opt] epoch #9 | Time 50.26 s
2022-09-22 14:41:50 | [run_VPG_opt] epoch #9 | EpochTime 4.73 s
----------------------------------  ----------
Evaluation/AverageDiscountedReturn     59.915
Evaluation/AverageReturn               61.8887
Evaluation/Iteration                    9
Evaluation/MaxReturn                  175.137
Evaluation/MinReturn                   26.8428
Evaluation/NumEpisodes                589
Evaluation/StdReturn                   21.4572
Evaluation/TerminationRate              1
TotalEnvSteps                       40039
----------------------------------  ----------
2022-09-22 14:41:54 | [run_VPG_opt] epoch #10 | Saving snapshot...
2022-09-22 14:41:55 | [run_VPG_opt] epoch #10 | Saved
2022-09-22 14:41:55 | [run_VPG_opt] epoch #10 | Time 54.88 s
2022-09-22 14:41:55 | [run_VPG_opt] epoch #10 | EpochTime 4.63 s
----------------------------------  ----------
Evaluation/AverageDiscountedReturn     62.376
Evaluation/AverageReturn               64.5355
Evaluation/Iteration                   10
Evaluation/MaxReturn                  157.07
Evaluation/MinReturn                   26.8335
Evaluation/NumEpisodes                565
Evaluation/StdReturn                   22.5662
Evaluation/TerminationRate              1
TotalEnvSteps                       44041
----------------------------------  ----------
2022-09-22 14:41:59 | [run_VPG_opt] epoch #11 | Saving snapshot...
2022-09-22 14:41:59 | [run_VPG_opt] epoch #11 | Saved
2022-09-22 14:41:59 | [run_VPG_opt] epoch #11 | Time 59.48 s
2022-09-22 14:41:59 | [run_VPG_opt] epoch #11 | EpochTime 4.60 s
----------------------------------  ----------
Evaluation/AverageDiscountedReturn     62.8753
Evaluation/AverageReturn               65.0752
Evaluation/Iteration                   11
Evaluation/MaxReturn                  183.022
Evaluation/MinReturn                   26.8983
Evaluation/NumEpisodes                561
Evaluation/StdReturn                   22.8605
Evaluation/TerminationRate              1
TotalEnvSteps                       48047
----------------------------------  ----------
2022-09-22 14:42:04 | [run_VPG_opt] epoch #12 | Saving snapshot...
2022-09-22 14:42:04 | [run_VPG_opt] epoch #12 | Saved
2022-09-22 14:42:04 | [run_VPG_opt] epoch #12 | Time 64.03 s
2022-09-22 14:42:04 | [run_VPG_opt] epoch #12 | EpochTime 4.54 s
----------------------------------  ----------
Evaluation/AverageDiscountedReturn     64.53
Evaluation/AverageReturn               66.8179
Evaluation/Iteration                   12
Evaluation/MaxReturn                  147.972
Evaluation/MinReturn                   26.7938
Evaluation/NumEpisodes                546
Evaluation/StdReturn                   21.7601
Evaluation/TerminationRate              1
TotalEnvSteps                       52050
----------------------------------  ----------
