2022-09-22 12:38:09 | [run_VPG_opt] Logging to /home/lw/shanshu/DRSOM-based-Policy-Gradient/data/local/experiment/run_VPG_opt_19
2022-09-22 12:38:11 | [run_VPG_opt] Obtaining samples...
2022-09-22 12:38:17 | [run_VPG_opt] epoch #0 | Saving snapshot...
2022-09-22 12:38:17 | [run_VPG_opt] epoch #0 | Saved
2022-09-22 12:38:17 | [run_VPG_opt] epoch #0 | Time 6.16 s
2022-09-22 12:38:17 | [run_VPG_opt] epoch #0 | EpochTime 6.16 s
----------------------------------  ---------
Evaluation/AverageDiscountedReturn    48.0687
Evaluation/AverageReturn              49.2569
Evaluation/Iteration                   0
Evaluation/MaxReturn                 110.129
Evaluation/MinReturn                  26.7728
Evaluation/NumEpisodes               736
Evaluation/StdReturn                  15.6464
Evaluation/TerminationRate             1
TotalEnvSteps                       4003
----------------------------------  ---------
2022-09-22 12:38:23 | [run_VPG_opt] epoch #1 | Saving snapshot...
2022-09-22 12:38:23 | [run_VPG_opt] epoch #1 | Saved
2022-09-22 12:38:23 | [run_VPG_opt] epoch #1 | Time 12.00 s
2022-09-22 12:38:23 | [run_VPG_opt] epoch #1 | EpochTime 5.84 s
----------------------------------  ---------
Evaluation/AverageDiscountedReturn    50.5464
Evaluation/AverageReturn              51.8874
Evaluation/Iteration                   1
Evaluation/MaxReturn                 138.533
Evaluation/MinReturn                  26.7765
Evaluation/NumEpisodes               699
Evaluation/StdReturn                  17.1437
Evaluation/TerminationRate             1
TotalEnvSteps                       8003
----------------------------------  ---------
2022-09-22 12:38:28 | [run_VPG_opt] epoch #2 | Saving snapshot...
2022-09-22 12:38:28 | [run_VPG_opt] epoch #2 | Saved
2022-09-22 12:38:28 | [run_VPG_opt] epoch #2 | Time 17.43 s
2022-09-22 12:38:28 | [run_VPG_opt] epoch #2 | EpochTime 5.43 s
----------------------------------  ----------
Evaluation/AverageDiscountedReturn     51.2927
Evaluation/AverageReturn               52.6776
Evaluation/Iteration                    2
Evaluation/MaxReturn                  129.101
Evaluation/MinReturn                   26.8127
Evaluation/NumEpisodes                689
Evaluation/StdReturn                   17.3916
Evaluation/TerminationRate              1
TotalEnvSteps                       12005
----------------------------------  ----------
2022-09-22 12:38:33 | [run_VPG_opt] epoch #3 | Saving snapshot...
2022-09-22 12:38:34 | [run_VPG_opt] epoch #3 | Saved
2022-09-22 12:38:34 | [run_VPG_opt] epoch #3 | Time 22.82 s
2022-09-22 12:38:34 | [run_VPG_opt] epoch #3 | EpochTime 5.39 s
----------------------------------  ----------
Evaluation/AverageDiscountedReturn     53.1536
Evaluation/AverageReturn               54.6456
Evaluation/Iteration                    3
Evaluation/MaxReturn                  137.82
Evaluation/MinReturn                   26.8284
Evaluation/NumEpisodes                665
Evaluation/StdReturn                   17.7116
Evaluation/TerminationRate              1
TotalEnvSteps                       16008
----------------------------------  ----------
2022-09-22 12:38:39 | [run_VPG_opt] epoch #4 | Saving snapshot...
2022-09-22 12:38:39 | [run_VPG_opt] epoch #4 | Saved
2022-09-22 12:38:39 | [run_VPG_opt] epoch #4 | Time 28.02 s
2022-09-22 12:38:39 | [run_VPG_opt] epoch #4 | EpochTime 5.19 s
----------------------------------  ----------
Evaluation/AverageDiscountedReturn     55.0601
Evaluation/AverageReturn               56.6895
Evaluation/Iteration                    4
Evaluation/MaxReturn                  147.545
Evaluation/MinReturn                   26.8154
Evaluation/NumEpisodes                642
Evaluation/StdReturn                   19.1987
Evaluation/TerminationRate              1
TotalEnvSteps                       20015
----------------------------------  ----------
2022-09-22 12:38:44 | [run_VPG_opt] epoch #5 | Saving snapshot...
2022-09-22 12:38:44 | [run_VPG_opt] epoch #5 | Saved
2022-09-22 12:38:44 | [run_VPG_opt] epoch #5 | Time 33.20 s
2022-09-22 12:38:44 | [run_VPG_opt] epoch #5 | EpochTime 5.18 s
----------------------------------  ----------
Evaluation/AverageDiscountedReturn     56.8089
Evaluation/AverageReturn               58.555
Evaluation/Iteration                    5
Evaluation/MaxReturn                  148.204
Evaluation/MinReturn                   26.7806
Evaluation/NumEpisodes                621
Evaluation/StdReturn                   19.8598
Evaluation/TerminationRate              1
TotalEnvSteps                       24015
----------------------------------  ----------
2022-09-22 12:38:49 | [run_VPG_opt] epoch #6 | Saving snapshot...
2022-09-22 12:38:49 | [run_VPG_opt] epoch #6 | Saved
2022-09-22 12:38:49 | [run_VPG_opt] epoch #6 | Time 38.25 s
2022-09-22 12:38:49 | [run_VPG_opt] epoch #6 | EpochTime 5.05 s
----------------------------------  ----------
Evaluation/AverageDiscountedReturn     58.3799
Evaluation/AverageReturn               60.2414
Evaluation/Iteration                    6
Evaluation/MaxReturn                  147.497
Evaluation/MinReturn                   26.8416
Evaluation/NumEpisodes                604
Evaluation/StdReturn                   20.7824
Evaluation/TerminationRate              1
TotalEnvSteps                       28015
----------------------------------  ----------
