2022-09-22 14:53:32 | [run_VPG_opt] Logging to /home/lw/shanshu/DRSOM-based-Policy-Gradient/data/local/experiment/run_VPG_opt_44
2022-09-22 14:53:34 | [run_VPG_opt] Obtaining samples...
2022-09-22 14:53:41 | [run_VPG_opt] epoch #0 | Saving snapshot...
2022-09-22 14:53:41 | [run_VPG_opt] epoch #0 | Saved
2022-09-22 14:53:41 | [run_VPG_opt] epoch #0 | Time 7.11 s
2022-09-22 14:53:41 | [run_VPG_opt] epoch #0 | EpochTime 7.11 s
----------------------------------  ---------
Evaluation/AverageDiscountedReturn    47.7362
Evaluation/AverageReturn              48.8957
Evaluation/Iteration                   0
Evaluation/MaxReturn                 120.013
Evaluation/MinReturn                  26.7953
Evaluation/NumEpisodes               742
Evaluation/StdReturn                  14.8843
Evaluation/TerminationRate             1
TotalEnvSteps                       4007
----------------------------------  ---------
2022-09-22 14:53:47 | [run_VPG_opt] epoch #1 | Saving snapshot...
2022-09-22 14:53:47 | [run_VPG_opt] epoch #1 | Saved
2022-09-22 14:53:47 | [run_VPG_opt] epoch #1 | Time 13.35 s
2022-09-22 14:53:47 | [run_VPG_opt] epoch #1 | EpochTime 6.24 s
----------------------------------  ---------
Evaluation/AverageDiscountedReturn    49.8466
Evaluation/AverageReturn              51.1476
Evaluation/Iteration                   1
Evaluation/MaxReturn                 128.57
Evaluation/MinReturn                  26.7887
Evaluation/NumEpisodes               709
Evaluation/StdReturn                  16.9408
Evaluation/TerminationRate             1
TotalEnvSteps                       8008
----------------------------------  ---------
2022-09-22 14:53:53 | [run_VPG_opt] epoch #2 | Saving snapshot...
2022-09-22 14:53:53 | [run_VPG_opt] epoch #2 | Saved
2022-09-22 14:53:53 | [run_VPG_opt] epoch #2 | Time 19.46 s
2022-09-22 14:53:53 | [run_VPG_opt] epoch #2 | EpochTime 6.11 s
----------------------------------  ----------
Evaluation/AverageDiscountedReturn     51.9749
Evaluation/AverageReturn               53.3998
Evaluation/Iteration                    2
Evaluation/MaxReturn                  110.695
Evaluation/MinReturn                   26.7584
Evaluation/NumEpisodes                680
Evaluation/StdReturn                   17.5468
Evaluation/TerminationRate              1
TotalEnvSteps                       12010
----------------------------------  ----------
2022-09-22 14:53:59 | [run_VPG_opt] epoch #3 | Saving snapshot...
2022-09-22 14:53:59 | [run_VPG_opt] epoch #3 | Saved
2022-09-22 14:53:59 | [run_VPG_opt] epoch #3 | Time 25.44 s
2022-09-22 14:53:59 | [run_VPG_opt] epoch #3 | EpochTime 5.97 s
----------------------------------  ----------
Evaluation/AverageDiscountedReturn     54.5452
Evaluation/AverageReturn               56.1373
Evaluation/Iteration                    3
Evaluation/MaxReturn                  175.59
Evaluation/MinReturn                   26.803
Evaluation/NumEpisodes                648
Evaluation/StdReturn                   18.8
Evaluation/TerminationRate              1
TotalEnvSteps                       16016
----------------------------------  ----------
2022-09-22 14:54:05 | [run_VPG_opt] epoch #4 | Saving snapshot...
2022-09-22 14:54:05 | [run_VPG_opt] epoch #4 | Saved
2022-09-22 14:54:05 | [run_VPG_opt] epoch #4 | Time 31.25 s
2022-09-22 14:54:05 | [run_VPG_opt] epoch #4 | EpochTime 5.81 s
----------------------------------  ----------
Evaluation/AverageDiscountedReturn     57.4485
Evaluation/AverageReturn               59.2573
Evaluation/Iteration                    4
Evaluation/MaxReturn                  156.834
Evaluation/MinReturn                   26.7881
Evaluation/NumEpisodes                615
Evaluation/StdReturn                   20.9754
Evaluation/TerminationRate              1
TotalEnvSteps                       20024
----------------------------------  ----------
2022-09-22 14:54:11 | [run_VPG_opt] epoch #5 | Saving snapshot...
2022-09-22 14:54:11 | [run_VPG_opt] epoch #5 | Saved
2022-09-22 14:54:11 | [run_VPG_opt] epoch #5 | Time 36.89 s
2022-09-22 14:54:11 | [run_VPG_opt] epoch #5 | EpochTime 5.64 s
----------------------------------  ----------
Evaluation/AverageDiscountedReturn     59.3051
Evaluation/AverageReturn               61.2119
Evaluation/Iteration                    5
Evaluation/MaxReturn                  156.88
Evaluation/MinReturn                   26.7669
Evaluation/NumEpisodes                595
Evaluation/StdReturn                   20.1888
Evaluation/TerminationRate              1
TotalEnvSteps                       24026
----------------------------------  ----------
2022-09-22 14:54:16 | [run_VPG_opt] epoch #6 | Saving snapshot...
2022-09-22 14:54:16 | [run_VPG_opt] epoch #6 | Saved
2022-09-22 14:54:16 | [run_VPG_opt] epoch #6 | Time 42.38 s
2022-09-22 14:54:16 | [run_VPG_opt] epoch #6 | EpochTime 5.49 s
----------------------------------  ----------
Evaluation/AverageDiscountedReturn     63.7093
Evaluation/AverageReturn               65.9424
Evaluation/Iteration                    6
Evaluation/MaxReturn                  157.033
Evaluation/MinReturn                   26.7906
Evaluation/NumEpisodes                554
Evaluation/StdReturn                   21.8801
Evaluation/TerminationRate              1
TotalEnvSteps                       28033
----------------------------------  ----------
2022-09-22 14:54:21 | [run_VPG_opt] epoch #7 | Saving snapshot...
2022-09-22 14:54:21 | [run_VPG_opt] epoch #7 | Saved
2022-09-22 14:54:21 | [run_VPG_opt] epoch #7 | Time 47.65 s
2022-09-22 14:54:21 | [run_VPG_opt] epoch #7 | EpochTime 5.27 s
----------------------------------  ----------
Evaluation/AverageDiscountedReturn     67.5704
Evaluation/AverageReturn               70.1694
Evaluation/Iteration                    7
Evaluation/MaxReturn                  192.897
Evaluation/MinReturn                   26.9369
Evaluation/NumEpisodes                521
Evaluation/StdReturn                   25.593
Evaluation/TerminationRate              1
TotalEnvSteps                       32039
----------------------------------  ----------
