2022-09-22 14:34:16 | [run_VPG_opt] Logging to /home/lw/shanshu/DRSOM-based-Policy-Gradient/data/local/experiment/run_VPG_opt_34
2022-09-22 14:34:18 | [run_VPG_opt] Obtaining samples...
2022-09-22 14:34:25 | [run_VPG_opt] epoch #0 | Saving snapshot...
2022-09-22 14:34:25 | [run_VPG_opt] epoch #0 | Saved
2022-09-22 14:34:25 | [run_VPG_opt] epoch #0 | Time 6.88 s
2022-09-22 14:34:25 | [run_VPG_opt] epoch #0 | EpochTime 6.88 s
----------------------------------  ---------
Evaluation/AverageDiscountedReturn    47.9615
Evaluation/AverageReturn              49.1389
Evaluation/Iteration                   0
Evaluation/MaxReturn                 119.875
Evaluation/MinReturn                  26.7713
Evaluation/NumEpisodes               737
Evaluation/StdReturn                  15.2951
Evaluation/TerminationRate             1
TotalEnvSteps                       4000
----------------------------------  ---------
2022-09-22 14:34:30 | [run_VPG_opt] epoch #1 | Saving snapshot...
2022-09-22 14:34:30 | [run_VPG_opt] epoch #1 | Saved
2022-09-22 14:34:30 | [run_VPG_opt] epoch #1 | Time 12.32 s
2022-09-22 14:34:30 | [run_VPG_opt] epoch #1 | EpochTime 5.44 s
----------------------------------  ---------
Evaluation/AverageDiscountedReturn    48.836
Evaluation/AverageReturn              50.0647
Evaluation/Iteration                   1
Evaluation/MaxReturn                 110.668
Evaluation/MinReturn                  26.753
Evaluation/NumEpisodes               724
Evaluation/StdReturn                  15.7495
Evaluation/TerminationRate             1
TotalEnvSteps                       8001
----------------------------------  ---------
2022-09-22 14:34:35 | [run_VPG_opt] epoch #2 | Saving snapshot...
2022-09-22 14:34:35 | [run_VPG_opt] epoch #2 | Saved
2022-09-22 14:34:35 | [run_VPG_opt] epoch #2 | Time 17.67 s
2022-09-22 14:34:35 | [run_VPG_opt] epoch #2 | EpochTime 5.34 s
----------------------------------  ----------
Evaluation/AverageDiscountedReturn     50.0117
Evaluation/AverageReturn               51.3225
Evaluation/Iteration                    2
Evaluation/MaxReturn                  128.818
Evaluation/MinReturn                   26.7824
Evaluation/NumEpisodes                707
Evaluation/StdReturn                   17.0077
Evaluation/TerminationRate              1
TotalEnvSteps                       12005
----------------------------------  ----------
2022-09-22 14:34:41 | [run_VPG_opt] epoch #3 | Saving snapshot...
2022-09-22 14:34:41 | [run_VPG_opt] epoch #3 | Saved
2022-09-22 14:34:41 | [run_VPG_opt] epoch #3 | Time 22.96 s
2022-09-22 14:34:41 | [run_VPG_opt] epoch #3 | EpochTime 5.29 s
----------------------------------  ----------
Evaluation/AverageDiscountedReturn     50.9801
Evaluation/AverageReturn               52.3398
Evaluation/Iteration                    3
Evaluation/MaxReturn                  128.895
Evaluation/MinReturn                   26.761
Evaluation/NumEpisodes                694
Evaluation/StdReturn                   16.9144
Evaluation/TerminationRate              1
TotalEnvSteps                       16012
----------------------------------  ----------
2022-09-22 14:34:46 | [run_VPG_opt] epoch #4 | Saving snapshot...
2022-09-22 14:34:46 | [run_VPG_opt] epoch #4 | Saved
2022-09-22 14:34:46 | [run_VPG_opt] epoch #4 | Time 28.13 s
2022-09-22 14:34:46 | [run_VPG_opt] epoch #4 | EpochTime 5.17 s
----------------------------------  ----------
Evaluation/AverageDiscountedReturn     52.2662
Evaluation/AverageReturn               53.7168
Evaluation/Iteration                    4
Evaluation/MaxReturn                  128.303
Evaluation/MinReturn                   26.7522
Evaluation/NumEpisodes                677
Evaluation/StdReturn                   18.0976
Evaluation/TerminationRate              1
TotalEnvSteps                       20019
----------------------------------  ----------
2022-09-22 14:34:51 | [run_VPG_opt] epoch #5 | Saving snapshot...
2022-09-22 14:34:51 | [run_VPG_opt] epoch #5 | Saved
2022-09-22 14:34:51 | [run_VPG_opt] epoch #5 | Time 33.30 s
2022-09-22 14:34:51 | [run_VPG_opt] epoch #5 | EpochTime 5.17 s
----------------------------------  ----------
Evaluation/AverageDiscountedReturn     53.734
Evaluation/AverageReturn               55.2798
Evaluation/Iteration                    5
Evaluation/MaxReturn                  147.383
Evaluation/MinReturn                   26.7328
Evaluation/NumEpisodes                657
Evaluation/StdReturn                   18.8163
Evaluation/TerminationRate              1
TotalEnvSteps                       24019
----------------------------------  ----------
2022-09-22 14:34:56 | [run_VPG_opt] epoch #6 | Saving snapshot...
2022-09-22 14:34:56 | [run_VPG_opt] epoch #6 | Saved
2022-09-22 14:34:56 | [run_VPG_opt] epoch #6 | Time 38.33 s
2022-09-22 14:34:56 | [run_VPG_opt] epoch #6 | EpochTime 5.03 s
----------------------------------  ----------
Evaluation/AverageDiscountedReturn     55.1392
Evaluation/AverageReturn               56.7821
Evaluation/Iteration                    6
Evaluation/MaxReturn                  156.035
Evaluation/MinReturn                   26.7932
Evaluation/NumEpisodes                640
Evaluation/StdReturn                   19.6387
Evaluation/TerminationRate              1
TotalEnvSteps                       28019
----------------------------------  ----------
2022-09-22 14:35:01 | [run_VPG_opt] epoch #7 | Saving snapshot...
2022-09-22 14:35:01 | [run_VPG_opt] epoch #7 | Saved
2022-09-22 14:35:01 | [run_VPG_opt] epoch #7 | Time 43.33 s
2022-09-22 14:35:01 | [run_VPG_opt] epoch #7 | EpochTime 5.00 s
----------------------------------  ----------
Evaluation/AverageDiscountedReturn     57.0714
Evaluation/AverageReturn               58.8445
Evaluation/Iteration                    7
Evaluation/MaxReturn                  165.879
Evaluation/MinReturn                   26.7958
Evaluation/NumEpisodes                618
Evaluation/StdReturn                   20.3978
Evaluation/TerminationRate              1
TotalEnvSteps                       32019
----------------------------------  ----------
2022-09-22 14:35:06 | [run_VPG_opt] epoch #8 | Saving snapshot...
2022-09-22 14:35:06 | [run_VPG_opt] epoch #8 | Saved
2022-09-22 14:35:06 | [run_VPG_opt] epoch #8 | Time 48.20 s
2022-09-22 14:35:06 | [run_VPG_opt] epoch #8 | EpochTime 4.88 s
----------------------------------  ----------
Evaluation/AverageDiscountedReturn     58.4535
Evaluation/AverageReturn               60.3178
Evaluation/Iteration                    8
Evaluation/MaxReturn                  166.47
Evaluation/MinReturn                   26.7949
Evaluation/NumEpisodes                604
Evaluation/StdReturn                   20.697
Evaluation/TerminationRate              1
TotalEnvSteps                       36025
----------------------------------  ----------
2022-09-22 14:35:11 | [run_VPG_opt] epoch #9 | Saving snapshot...
2022-09-22 14:35:11 | [run_VPG_opt] epoch #9 | Saved
2022-09-22 14:35:11 | [run_VPG_opt] epoch #9 | Time 53.10 s
2022-09-22 14:35:11 | [run_VPG_opt] epoch #9 | EpochTime 4.90 s
----------------------------------  ----------
Evaluation/AverageDiscountedReturn     57.9893
Evaluation/AverageReturn               59.8191
Evaluation/Iteration                    9
Evaluation/MaxReturn                  156.647
Evaluation/MinReturn                   26.8923
Evaluation/NumEpisodes                609
Evaluation/StdReturn                   20.4211
Evaluation/TerminationRate              1
TotalEnvSteps                       40031
----------------------------------  ----------
2022-09-22 14:35:16 | [run_VPG_opt] epoch #10 | Saving snapshot...
2022-09-22 14:35:16 | [run_VPG_opt] epoch #10 | Saved
2022-09-22 14:35:16 | [run_VPG_opt] epoch #10 | Time 57.90 s
2022-09-22 14:35:16 | [run_VPG_opt] epoch #10 | EpochTime 4.79 s
----------------------------------  ----------
Evaluation/AverageDiscountedReturn     61.494
Evaluation/AverageReturn               63.5769
Evaluation/Iteration                   10
Evaluation/MaxReturn                  148.065
Evaluation/MinReturn                   26.8363
Evaluation/NumEpisodes                573
Evaluation/StdReturn                   21.7827
Evaluation/TerminationRate              1
TotalEnvSteps                       44031
----------------------------------  ----------
2022-09-22 14:35:20 | [run_VPG_opt] epoch #11 | Saving snapshot...
2022-09-22 14:35:20 | [run_VPG_opt] epoch #11 | Saved
2022-09-22 14:35:20 | [run_VPG_opt] epoch #11 | Time 62.69 s
2022-09-22 14:35:20 | [run_VPG_opt] epoch #11 | EpochTime 4.79 s
----------------------------------  ----------
Evaluation/AverageDiscountedReturn     60.733
Evaluation/AverageReturn               62.7582
Evaluation/Iteration                   11
Evaluation/MaxReturn                  184.453
Evaluation/MinReturn                   26.8249
Evaluation/NumEpisodes                581
Evaluation/StdReturn                   21.4369
Evaluation/TerminationRate              1
TotalEnvSteps                       48035
----------------------------------  ----------
2022-09-22 14:35:25 | [run_VPG_opt] epoch #12 | Saving snapshot...
2022-09-22 14:35:25 | [run_VPG_opt] epoch #12 | Saved
2022-09-22 14:35:25 | [run_VPG_opt] epoch #12 | Time 67.39 s
2022-09-22 14:35:25 | [run_VPG_opt] epoch #12 | EpochTime 4.70 s
----------------------------------  ----------
Evaluation/AverageDiscountedReturn     62.601
Evaluation/AverageReturn               64.7771
Evaluation/Iteration                   12
Evaluation/MaxReturn                  148.172
Evaluation/MinReturn                   26.8638
Evaluation/NumEpisodes                563
Evaluation/StdReturn                   22.6296
Evaluation/TerminationRate              1
TotalEnvSteps                       52038
----------------------------------  ----------
