2022-09-22 14:44:03 | [run_VPG_opt] Logging to /home/lw/shanshu/DRSOM-based-Policy-Gradient/data/local/experiment/run_VPG_opt_39
2022-09-22 14:44:04 | [run_VPG_opt] Obtaining samples...
2022-09-22 14:44:11 | [run_VPG_opt] epoch #0 | Saving snapshot...
2022-09-22 14:44:11 | [run_VPG_opt] epoch #0 | Saved
2022-09-22 14:44:11 | [run_VPG_opt] epoch #0 | Time 7.11 s
2022-09-22 14:44:11 | [run_VPG_opt] epoch #0 | EpochTime 7.11 s
----------------------------------  ---------
Evaluation/AverageDiscountedReturn    47.6124
Evaluation/AverageReturn              48.776
Evaluation/Iteration                   0
Evaluation/MaxReturn                 101.585
Evaluation/MinReturn                  26.7706
Evaluation/NumEpisodes               743
Evaluation/StdReturn                  15.4861
Evaluation/TerminationRate             1
TotalEnvSteps                       4004
----------------------------------  ---------
2022-09-22 14:44:17 | [run_VPG_opt] epoch #1 | Saving snapshot...
2022-09-22 14:44:17 | [run_VPG_opt] epoch #1 | Saved
2022-09-22 14:44:17 | [run_VPG_opt] epoch #1 | Time 12.45 s
2022-09-22 14:44:17 | [run_VPG_opt] epoch #1 | EpochTime 5.33 s
----------------------------------  ---------
Evaluation/AverageDiscountedReturn    48.2977
Evaluation/AverageReturn              49.5033
Evaluation/Iteration                   1
Evaluation/MaxReturn                 129.402
Evaluation/MinReturn                  26.793
Evaluation/NumEpisodes               733
Evaluation/StdReturn                  15.9926
Evaluation/TerminationRate             1
TotalEnvSteps                       8011
----------------------------------  ---------
2022-09-22 14:44:22 | [run_VPG_opt] epoch #2 | Saving snapshot...
2022-09-22 14:44:22 | [run_VPG_opt] epoch #2 | Saved
2022-09-22 14:44:22 | [run_VPG_opt] epoch #2 | Time 17.76 s
2022-09-22 14:44:22 | [run_VPG_opt] epoch #2 | EpochTime 5.30 s
----------------------------------  ----------
Evaluation/AverageDiscountedReturn     48.3326
Evaluation/AverageReturn               49.5357
Evaluation/Iteration                    2
Evaluation/MaxReturn                  110.761
Evaluation/MinReturn                   26.832
Evaluation/NumEpisodes                732
Evaluation/StdReturn                   15.749
Evaluation/TerminationRate              1
TotalEnvSteps                       12014
----------------------------------  ----------
2022-09-22 14:44:27 | [run_VPG_opt] epoch #3 | Saving snapshot...
2022-09-22 14:44:27 | [run_VPG_opt] epoch #3 | Saved
2022-09-22 14:44:27 | [run_VPG_opt] epoch #3 | Time 23.06 s
2022-09-22 14:44:27 | [run_VPG_opt] epoch #3 | EpochTime 5.30 s
----------------------------------  ----------
Evaluation/AverageDiscountedReturn     48.4344
Evaluation/AverageReturn               49.6505
Evaluation/Iteration                    3
Evaluation/MaxReturn                  137.931
Evaluation/MinReturn                   26.8003
Evaluation/NumEpisodes                731
Evaluation/StdReturn                   16.2188
Evaluation/TerminationRate              1
TotalEnvSteps                       16020
----------------------------------  ----------
2022-09-22 14:44:32 | [run_VPG_opt] epoch #4 | Saving snapshot...
2022-09-22 14:44:33 | [run_VPG_opt] epoch #4 | Saved
2022-09-22 14:44:33 | [run_VPG_opt] epoch #4 | Time 28.27 s
2022-09-22 14:44:33 | [run_VPG_opt] epoch #4 | EpochTime 5.21 s
----------------------------------  ----------
Evaluation/AverageDiscountedReturn     49.0964
Evaluation/AverageReturn               50.3477
Evaluation/Iteration                    4
Evaluation/MaxReturn                  119.983
Evaluation/MinReturn                   26.8158
Evaluation/NumEpisodes                720
Evaluation/StdReturn                   16.2878
Evaluation/TerminationRate              1
TotalEnvSteps                       20023
----------------------------------  ----------
2022-09-22 14:44:38 | [run_VPG_opt] epoch #5 | Saving snapshot...
2022-09-22 14:44:38 | [run_VPG_opt] epoch #5 | Saved
2022-09-22 14:44:38 | [run_VPG_opt] epoch #5 | Time 33.48 s
2022-09-22 14:44:38 | [run_VPG_opt] epoch #5 | EpochTime 5.20 s
----------------------------------  ----------
Evaluation/AverageDiscountedReturn     49.5778
Evaluation/AverageReturn               50.8468
Evaluation/Iteration                    5
Evaluation/MaxReturn                  128.164
Evaluation/MinReturn                   26.7814
Evaluation/NumEpisodes                713
Evaluation/StdReturn                   15.9081
Evaluation/TerminationRate              1
TotalEnvSteps                       24025
----------------------------------  ----------
2022-09-22 14:44:43 | [run_VPG_opt] epoch #6 | Saving snapshot...
2022-09-22 14:44:43 | [run_VPG_opt] epoch #6 | Saved
2022-09-22 14:44:43 | [run_VPG_opt] epoch #6 | Time 38.68 s
2022-09-22 14:44:43 | [run_VPG_opt] epoch #6 | EpochTime 5.20 s
----------------------------------  ----------
Evaluation/AverageDiscountedReturn     48.3949
Evaluation/AverageReturn               49.598
Evaluation/Iteration                    6
Evaluation/MaxReturn                  119.514
Evaluation/MinReturn                   26.8195
Evaluation/NumEpisodes                731
Evaluation/StdReturn                   15.5337
Evaluation/TerminationRate              1
TotalEnvSteps                       28028
----------------------------------  ----------
2022-09-22 14:44:48 | [run_VPG_opt] epoch #7 | Saving snapshot...
2022-09-22 14:44:48 | [run_VPG_opt] epoch #7 | Saved
2022-09-22 14:44:48 | [run_VPG_opt] epoch #7 | Time 43.92 s
2022-09-22 14:44:48 | [run_VPG_opt] epoch #7 | EpochTime 5.23 s
----------------------------------  ----------
Evaluation/AverageDiscountedReturn     49.1864
Evaluation/AverageReturn               50.4372
Evaluation/Iteration                    7
Evaluation/MaxReturn                  128.624
Evaluation/MinReturn                   26.771
Evaluation/NumEpisodes                719
Evaluation/StdReturn                   16.0127
Evaluation/TerminationRate              1
TotalEnvSteps                       32030
----------------------------------  ----------
2022-09-22 14:44:53 | [run_VPG_opt] epoch #8 | Saving snapshot...
2022-09-22 14:44:53 | [run_VPG_opt] epoch #8 | Saved
2022-09-22 14:44:53 | [run_VPG_opt] epoch #8 | Time 49.16 s
2022-09-22 14:44:53 | [run_VPG_opt] epoch #8 | EpochTime 5.24 s
----------------------------------  ----------
Evaluation/AverageDiscountedReturn     48.3122
Evaluation/AverageReturn               49.5108
Evaluation/Iteration                    8
Evaluation/MaxReturn                  110.844
Evaluation/MinReturn                   26.7605
Evaluation/NumEpisodes                732
Evaluation/StdReturn                   15.5154
Evaluation/TerminationRate              1
TotalEnvSteps                       36032
----------------------------------  ----------
2022-09-22 14:44:58 | [run_VPG_opt] epoch #9 | Saving snapshot...
2022-09-22 14:44:59 | [run_VPG_opt] epoch #9 | Saved
2022-09-22 14:44:59 | [run_VPG_opt] epoch #9 | Time 54.31 s
2022-09-22 14:44:59 | [run_VPG_opt] epoch #9 | EpochTime 5.15 s
----------------------------------  ----------
Evaluation/AverageDiscountedReturn     50.2714
Evaluation/AverageReturn               51.5989
Evaluation/Iteration                    9
Evaluation/MaxReturn                  137.965
Evaluation/MinReturn                   26.794
Evaluation/NumEpisodes                703
Evaluation/StdReturn                   17.1837
Evaluation/TerminationRate              1
TotalEnvSteps                       40035
----------------------------------  ----------
2022-09-22 14:45:04 | [run_VPG_opt] epoch #10 | Saving snapshot...
2022-09-22 14:45:04 | [run_VPG_opt] epoch #10 | Saved
2022-09-22 14:45:04 | [run_VPG_opt] epoch #10 | Time 59.49 s
2022-09-22 14:45:04 | [run_VPG_opt] epoch #10 | EpochTime 5.17 s
----------------------------------  ----------
Evaluation/AverageDiscountedReturn     50.0623
Evaluation/AverageReturn               51.3683
Evaluation/Iteration                   10
Evaluation/MaxReturn                  119.606
Evaluation/MinReturn                   26.7626
Evaluation/NumEpisodes                706
Evaluation/StdReturn                   16.5999
Evaluation/TerminationRate              1
TotalEnvSteps                       44036
----------------------------------  ----------
2022-09-22 14:45:09 | [run_VPG_opt] epoch #11 | Saving snapshot...
2022-09-22 14:45:09 | [run_VPG_opt] epoch #11 | Saved
2022-09-22 14:45:09 | [run_VPG_opt] epoch #11 | Time 64.66 s
2022-09-22 14:45:09 | [run_VPG_opt] epoch #11 | EpochTime 5.18 s
----------------------------------  ----------
Evaluation/AverageDiscountedReturn     49.8071
Evaluation/AverageReturn               51.1042
Evaluation/Iteration                   11
Evaluation/MaxReturn                  138.824
Evaluation/MinReturn                   26.7526
Evaluation/NumEpisodes                711
Evaluation/StdReturn                   16.837
Evaluation/TerminationRate              1
TotalEnvSteps                       48046
----------------------------------  ----------
2022-09-22 14:45:14 | [run_VPG_opt] epoch #12 | Saving snapshot...
2022-09-22 14:45:14 | [run_VPG_opt] epoch #12 | Saved
2022-09-22 14:45:14 | [run_VPG_opt] epoch #12 | Time 69.77 s
2022-09-22 14:45:14 | [run_VPG_opt] epoch #12 | EpochTime 5.11 s
----------------------------------  ----------
Evaluation/AverageDiscountedReturn     50.7114
Evaluation/AverageReturn               52.0671
Evaluation/Iteration                   12
Evaluation/MaxReturn                  138.035
Evaluation/MinReturn                   26.8104
Evaluation/NumEpisodes                697
Evaluation/StdReturn                   17.455
Evaluation/TerminationRate              1
TotalEnvSteps                       52050
----------------------------------  ----------
2022-09-22 14:45:19 | [run_VPG_opt] epoch #13 | Saving snapshot...
2022-09-22 14:45:19 | [run_VPG_opt] epoch #13 | Saved
2022-09-22 14:45:19 | [run_VPG_opt] epoch #13 | Time 74.84 s
2022-09-22 14:45:19 | [run_VPG_opt] epoch #13 | EpochTime 5.07 s
----------------------------------  ----------
Evaluation/AverageDiscountedReturn     52.0211
Evaluation/AverageReturn               53.4766
Evaluation/Iteration                   13
Evaluation/MaxReturn                  175.467
Evaluation/MinReturn                   26.7945
Evaluation/NumEpisodes                679
Evaluation/StdReturn                   19.0617
Evaluation/TerminationRate              1
TotalEnvSteps                       56052
----------------------------------  ----------
2022-09-22 14:45:24 | [run_VPG_opt] epoch #14 | Saving snapshot...
2022-09-22 14:45:24 | [run_VPG_opt] epoch #14 | Saved
2022-09-22 14:45:24 | [run_VPG_opt] epoch #14 | Time 79.92 s
2022-09-22 14:45:24 | [run_VPG_opt] epoch #14 | EpochTime 5.07 s
----------------------------------  ----------
Evaluation/AverageDiscountedReturn     51.7198
Evaluation/AverageReturn               53.1211
Evaluation/Iteration                   14
Evaluation/MaxReturn                  119.943
Evaluation/MinReturn                   26.7755
Evaluation/NumEpisodes                683
Evaluation/StdReturn                   17.0181
Evaluation/TerminationRate              1
TotalEnvSteps                       60053
----------------------------------  ----------
2022-09-22 14:45:29 | [run_VPG_opt] epoch #15 | Saving snapshot...
2022-09-22 14:45:29 | [run_VPG_opt] epoch #15 | Saved
2022-09-22 14:45:29 | [run_VPG_opt] epoch #15 | Time 84.99 s
2022-09-22 14:45:29 | [run_VPG_opt] epoch #15 | EpochTime 5.07 s
----------------------------------  ----------
Evaluation/AverageDiscountedReturn     51.5901
Evaluation/AverageReturn               53.0026
Evaluation/Iteration                   15
Evaluation/MaxReturn                  138.08
Evaluation/MinReturn                   26.7526
Evaluation/NumEpisodes                685
Evaluation/StdReturn                   18.0213
Evaluation/TerminationRate              1
TotalEnvSteps                       64055
----------------------------------  ----------
